{"name": "test_verify_total_cost_text", "status": "failed", "statusDetails": {"message": "AssertionError: assert False", "trace": "self = <tests.test_cart_page.Test object at 0x7f7ef8fd9b80>\n\n    def test_verify_total_cost_text(self):\n>       assert False\nE       assert False\n\ntest_cart_page.py:31: AssertionError"}, "start": 1650897923279, "stop": 1650897923279, "uuid": "ae565f46-b263-4fb3-869f-6b355a8b03da", "historyId": "92743a29e2d23f7153ad76d40dfc5b3c", "testCaseId": "5bd2c51c5215aa565f68003d734e8086", "fullName": "tests.test_cart_page.Test#test_verify_total_cost_text", "labels": [{"name": "parentSuite", "value": "tests"}, {"name": "suite", "value": "test_cart_page"}, {"name": "subSuite", "value": "Test"}, {"name": "host", "value": "Sherins-MacBook-Pro.local"}, {"name": "thread", "value": "70739-MainThread"}, {"name": "framework", "value": "pytest"}, {"name": "language", "value": "cpython3"}, {"name": "package", "value": "tests.test_cart_page"}]}